mode: set
github.com/kubeflow/pipelines/backend/src/apiserver/storage/default_experiment_store.go:40.75,43.16 2 1
github.com/kubeflow/pipelines/backend/src/apiserver/storage/default_experiment_store.go:46.2,47.16 2 1
github.com/kubeflow/pipelines/backend/src/apiserver/storage/default_experiment_store.go:51.2,55.11 3 1
github.com/kubeflow/pipelines/backend/src/apiserver/storage/default_experiment_store.go:72.2,73.16 2 1
github.com/kubeflow/pipelines/backend/src/apiserver/storage/default_experiment_store.go:77.2,77.12 1 1
github.com/kubeflow/pipelines/backend/src/apiserver/storage/default_experiment_store.go:43.16,45.3 1 1
github.com/kubeflow/pipelines/backend/src/apiserver/storage/default_experiment_store.go:47.16,50.3 2 0
github.com/kubeflow/pipelines/backend/src/apiserver/storage/default_experiment_store.go:55.11,61.22 2 1
github.com/kubeflow/pipelines/backend/src/apiserver/storage/default_experiment_store.go:66.3,67.17 2 1
github.com/kubeflow/pipelines/backend/src/apiserver/storage/default_experiment_store.go:61.22,64.4 2 0
github.com/kubeflow/pipelines/backend/src/apiserver/storage/default_experiment_store.go:67.17,70.4 2 0
github.com/kubeflow/pipelines/backend/src/apiserver/storage/default_experiment_store.go:73.16,76.3 2 0
github.com/kubeflow/pipelines/backend/src/apiserver/storage/default_experiment_store.go:80.74,86.16 2 1
github.com/kubeflow/pipelines/backend/src/apiserver/storage/default_experiment_store.go:89.2,90.16 2 1
github.com/kubeflow/pipelines/backend/src/apiserver/storage/default_experiment_store.go:93.2,93.12 1 1
github.com/kubeflow/pipelines/backend/src/apiserver/storage/default_experiment_store.go:86.16,88.3 1 0
github.com/kubeflow/pipelines/backend/src/apiserver/storage/default_experiment_store.go:90.16,92.3 1 1
github.com/kubeflow/pipelines/backend/src/apiserver/storage/default_experiment_store.go:96.75,99.16 3 1
github.com/kubeflow/pipelines/backend/src/apiserver/storage/default_experiment_store.go:103.2,104.16 2 1
github.com/kubeflow/pipelines/backend/src/apiserver/storage/default_experiment_store.go:107.2,109.17 2 1
github.com/kubeflow/pipelines/backend/src/apiserver/storage/default_experiment_store.go:116.2,116.16 1 0
github.com/kubeflow/pipelines/backend/src/apiserver/storage/default_experiment_store.go:99.16,101.3 1 0
github.com/kubeflow/pipelines/backend/src/apiserver/storage/default_experiment_store.go:104.16,106.3 1 1
github.com/kubeflow/pipelines/backend/src/apiserver/storage/default_experiment_store.go:109.17,111.17 2 1
github.com/kubeflow/pipelines/backend/src/apiserver/storage/default_experiment_store.go:114.3,114.34 1 1
github.com/kubeflow/pipelines/backend/src/apiserver/storage/default_experiment_store.go:111.17,113.4 1 0
github.com/kubeflow/pipelines/backend/src/apiserver/storage/default_experiment_store.go:126.99,132.16 2 1
github.com/kubeflow/pipelines/backend/src/apiserver/storage/default_experiment_store.go:135.2,137.16 2 1
github.com/kubeflow/pipelines/backend/src/apiserver/storage/default_experiment_store.go:140.2,140.12 1 1
github.com/kubeflow/pipelines/backend/src/apiserver/storage/default_experiment_store.go:132.16,134.3 1 0
github.com/kubeflow/pipelines/backend/src/apiserver/storage/default_experiment_store.go:137.16,139.3 1 0
github.com/kubeflow/pipelines/backend/src/apiserver/storage/default_experiment_store.go:144.64,149.2 3 1
github.com/kubeflow/pipelines/backend/src/apiserver/storage/minio_client_fake.go:29.44,33.2 1 1
github.com/kubeflow/pipelines/backend/src/apiserver/storage/minio_client_fake.go:36.70,41.2 4 1
github.com/kubeflow/pipelines/backend/src/apiserver/storage/minio_client_fake.go:44.50,45.45 1 1
github.com/kubeflow/pipelines/backend/src/apiserver/storage/minio_client_fake.go:48.2,48.56 1 1
github.com/kubeflow/pipelines/backend/src/apiserver/storage/minio_client_fake.go:45.45,47.3 1 0
github.com/kubeflow/pipelines/backend/src/apiserver/storage/minio_client_fake.go:51.77,52.45 1 1
github.com/kubeflow/pipelines/backend/src/apiserver/storage/minio_client_fake.go:55.2,56.12 2 1
github.com/kubeflow/pipelines/backend/src/apiserver/storage/minio_client_fake.go:52.45,54.3 1 0
github.com/kubeflow/pipelines/backend/src/apiserver/storage/minio_client_fake.go:59.48,61.2 1 1
github.com/kubeflow/pipelines/backend/src/apiserver/storage/minio_client_fake.go:63.63,66.2 2 1
github.com/kubeflow/pipelines/backend/src/apiserver/storage/object_store.go:50.69,52.2 1 1
github.com/kubeflow/pipelines/backend/src/apiserver/storage/object_store.go:54.72,58.24 2 1
github.com/kubeflow/pipelines/backend/src/apiserver/storage/object_store.go:64.2,67.16 2 1
github.com/kubeflow/pipelines/backend/src/apiserver/storage/object_store.go:70.2,70.12 1 1
github.com/kubeflow/pipelines/backend/src/apiserver/storage/object_store.go:58.24,60.3 1 0
github.com/kubeflow/pipelines/backend/src/apiserver/storage/object_store.go:60.8,62.3 1 1
github.com/kubeflow/pipelines/backend/src/apiserver/storage/object_store.go:67.16,69.3 1 1
github.com/kubeflow/pipelines/backend/src/apiserver/storage/object_store.go:73.62,75.16 2 1
github.com/kubeflow/pipelines/backend/src/apiserver/storage/object_store.go:78.2,78.12 1 1
github.com/kubeflow/pipelines/backend/src/apiserver/storage/object_store.go:75.16,77.3 1 1
github.com/kubeflow/pipelines/backend/src/apiserver/storage/object_store.go:81.69,83.16 2 1
github.com/kubeflow/pipelines/backend/src/apiserver/storage/object_store.go:87.2,93.24 4 1
github.com/kubeflow/pipelines/backend/src/apiserver/storage/object_store.go:98.2,98.19 1 1
github.com/kubeflow/pipelines/backend/src/apiserver/storage/object_store.go:83.16,85.3 1 1
github.com/kubeflow/pipelines/backend/src/apiserver/storage/object_store.go:93.24,96.3 2 0
github.com/kubeflow/pipelines/backend/src/apiserver/storage/object_store.go:101.80,103.16 2 1
github.com/kubeflow/pipelines/backend/src/apiserver/storage/object_store.go:106.2,107.16 2 1
github.com/kubeflow/pipelines/backend/src/apiserver/storage/object_store.go:110.2,110.12 1 1
github.com/kubeflow/pipelines/backend/src/apiserver/storage/object_store.go:103.16,105.3 1 0
github.com/kubeflow/pipelines/backend/src/apiserver/storage/object_store.go:107.16,109.3 1 0
github.com/kubeflow/pipelines/backend/src/apiserver/storage/object_store.go:113.82,115.16 2 1
github.com/kubeflow/pipelines/backend/src/apiserver/storage/object_store.go:118.2,119.16 2 1
github.com/kubeflow/pipelines/backend/src/apiserver/storage/object_store.go:122.2,122.12 1 1
github.com/kubeflow/pipelines/backend/src/apiserver/storage/object_store.go:115.16,117.3 1 0
github.com/kubeflow/pipelines/backend/src/apiserver/storage/object_store.go:119.16,121.3 1 1
github.com/kubeflow/pipelines/backend/src/apiserver/storage/object_store.go:125.44,127.2 1 0
github.com/kubeflow/pipelines/backend/src/apiserver/storage/object_store.go:129.139,131.2 1 0
github.com/kubeflow/pipelines/backend/src/apiserver/storage/sql_null_util.go:23.53,24.14 1 1
github.com/kubeflow/pipelines/backend/src/apiserver/storage/sql_null_util.go:27.2,27.12 1 1
github.com/kubeflow/pipelines/backend/src/apiserver/storage/sql_null_util.go:24.14,26.3 1 1
github.com/kubeflow/pipelines/backend/src/apiserver/storage/sql_null_util.go:30.50,31.14 1 1
github.com/kubeflow/pipelines/backend/src/apiserver/storage/sql_null_util.go:34.2,34.12 1 1
github.com/kubeflow/pipelines/backend/src/apiserver/storage/sql_null_util.go:31.14,33.3 1 1
github.com/kubeflow/pipelines/backend/src/apiserver/storage/sql_null_util.go:37.53,38.15 1 1
github.com/kubeflow/pipelines/backend/src/apiserver/storage/sql_null_util.go:41.2,44.3 1 1
github.com/kubeflow/pipelines/backend/src/apiserver/storage/sql_null_util.go:38.15,40.3 1 1
github.com/kubeflow/pipelines/backend/src/apiserver/storage/sql_null_util.go:47.50,48.15 1 1
github.com/kubeflow/pipelines/backend/src/apiserver/storage/sql_null_util.go:51.2,54.3 1 1
github.com/kubeflow/pipelines/backend/src/apiserver/storage/sql_null_util.go:48.15,50.3 1 1
github.com/kubeflow/pipelines/backend/src/apiserver/storage/db.go:37.48,39.2 1 1
github.com/kubeflow/pipelines/backend/src/apiserver/storage/db.go:64.73,68.21 4 1
github.com/kubeflow/pipelines/backend/src/apiserver/storage/db.go:71.2,72.24 2 1
github.com/kubeflow/pipelines/backend/src/apiserver/storage/db.go:68.21,70.3 1 1
github.com/kubeflow/pipelines/backend/src/apiserver/storage/db.go:75.71,77.21 2 1
github.com/kubeflow/pipelines/backend/src/apiserver/storage/db.go:80.2,80.69 1 1
github.com/kubeflow/pipelines/backend/src/apiserver/storage/db.go:77.21,79.3 1 1
github.com/kubeflow/pipelines/backend/src/apiserver/storage/db.go:83.56,86.2 2 0
github.com/kubeflow/pipelines/backend/src/apiserver/storage/db.go:91.74,95.21 4 1
github.com/kubeflow/pipelines/backend/src/apiserver/storage/db.go:98.2,99.24 2 1
github.com/kubeflow/pipelines/backend/src/apiserver/storage/db.go:95.21,97.3 1 1
github.com/kubeflow/pipelines/backend/src/apiserver/storage/db.go:102.72,104.21 2 1
github.com/kubeflow/pipelines/backend/src/apiserver/storage/db.go:107.2,107.42 1 1
github.com/kubeflow/pipelines/backend/src/apiserver/storage/db.go:104.21,106.3 1 1
github.com/kubeflow/pipelines/backend/src/apiserver/storage/db.go:110.60,112.2 1 0
github.com/kubeflow/pipelines/backend/src/apiserver/storage/db.go:114.61,116.2 1 0
github.com/kubeflow/pipelines/backend/src/apiserver/storage/db.go:118.57,121.2 2 1
github.com/kubeflow/pipelines/backend/src/apiserver/storage/db.go:123.37,125.2 1 1
github.com/kubeflow/pipelines/backend/src/apiserver/storage/db.go:127.39,129.2 1 1
github.com/kubeflow/pipelines/backend/src/apiserver/storage/db_fake.go:26.31,29.16 2 1
github.com/kubeflow/pipelines/backend/src/apiserver/storage/db_fake.go:33.2,45.48 2 1
github.com/kubeflow/pipelines/backend/src/apiserver/storage/db_fake.go:29.16,31.3 1 0
github.com/kubeflow/pipelines/backend/src/apiserver/storage/db_fake.go:48.29,50.16 2 1
github.com/kubeflow/pipelines/backend/src/apiserver/storage/db_fake.go:53.2,53.11 1 1
github.com/kubeflow/pipelines/backend/src/apiserver/storage/db_fake.go:50.16,52.3 1 0
github.com/kubeflow/pipelines/backend/src/apiserver/storage/db_status_store.go:44.57,46.16 2 1
github.com/kubeflow/pipelines/backend/src/apiserver/storage/db_status_store.go:50.2,51.16 2 1
github.com/kubeflow/pipelines/backend/src/apiserver/storage/db_status_store.go:55.2,59.11 3 1
github.com/kubeflow/pipelines/backend/src/apiserver/storage/db_status_store.go:76.2,77.16 2 1
github.com/kubeflow/pipelines/backend/src/apiserver/storage/db_status_store.go:81.2,81.12 1 1
github.com/kubeflow/pipelines/backend/src/apiserver/storage/db_status_store.go:46.16,48.3 1 1
github.com/kubeflow/pipelines/backend/src/apiserver/storage/db_status_store.go:51.16,54.3 2 0
github.com/kubeflow/pipelines/backend/src/apiserver/storage/db_status_store.go:59.11,65.22 2 1
github.com/kubeflow/pipelines/backend/src/apiserver/storage/db_status_store.go:70.3,71.17 2 1
github.com/kubeflow/pipelines/backend/src/apiserver/storage/db_status_store.go:65.22,68.4 2 0
github.com/kubeflow/pipelines/backend/src/apiserver/storage/db_status_store.go:71.17,74.4 2 0
github.com/kubeflow/pipelines/backend/src/apiserver/storage/db_status_store.go:77.16,80.3 2 0
github.com/kubeflow/pipelines/backend/src/apiserver/storage/db_status_store.go:84.59,87.16 3 1
github.com/kubeflow/pipelines/backend/src/apiserver/storage/db_status_store.go:90.2,91.16 2 1
github.com/kubeflow/pipelines/backend/src/apiserver/storage/db_status_store.go:94.2,95.17 2 1
github.com/kubeflow/pipelines/backend/src/apiserver/storage/db_status_store.go:102.2,102.19 1 0
github.com/kubeflow/pipelines/backend/src/apiserver/storage/db_status_store.go:87.16,89.3 1 0
github.com/kubeflow/pipelines/backend/src/apiserver/storage/db_status_store.go:91.16,93.3 1 0
github.com/kubeflow/pipelines/backend/src/apiserver/storage/db_status_store.go:95.17,97.17 2 1
github.com/kubeflow/pipelines/backend/src/apiserver/storage/db_status_store.go:100.3,100.32 1 1
github.com/kubeflow/pipelines/backend/src/apiserver/storage/db_status_store.go:97.17,99.4 1 0
github.com/kubeflow/pipelines/backend/src/apiserver/storage/db_status_store.go:105.50,110.16 2 1
github.com/kubeflow/pipelines/backend/src/apiserver/storage/db_status_store.go:113.2,114.16 2 1
github.com/kubeflow/pipelines/backend/src/apiserver/storage/db_status_store.go:117.2,117.12 1 1
github.com/kubeflow/pipelines/backend/src/apiserver/storage/db_status_store.go:110.16,112.3 1 0
github.com/kubeflow/pipelines/backend/src/apiserver/storage/db_status_store.go:114.16,116.3 1 1
github.com/kubeflow/pipelines/backend/src/apiserver/storage/db_status_store.go:121.46,126.2 3 1
github.com/kubeflow/pipelines/backend/src/apiserver/storage/job_store.go:54.93,55.63 1 1
github.com/kubeflow/pipelines/backend/src/apiserver/storage/job_store.go:59.2,60.16 2 1
github.com/kubeflow/pipelines/backend/src/apiserver/storage/job_store.go:64.2,65.16 2 1
github.com/kubeflow/pipelines/backend/src/apiserver/storage/job_store.go:70.2,71.16 2 1
github.com/kubeflow/pipelines/backend/src/apiserver/storage/job_store.go:76.2,77.16 2 1
github.com/kubeflow/pipelines/backend/src/apiserver/storage/job_store.go:80.2,81.16 2 1
github.com/kubeflow/pipelines/backend/src/apiserver/storage/job_store.go:85.2,88.16 3 1
github.com/kubeflow/pipelines/backend/src/apiserver/storage/job_store.go:92.2,93.16 2 1
github.com/kubeflow/pipelines/backend/src/apiserver/storage/job_store.go:97.2,100.16 3 1
github.com/kubeflow/pipelines/backend/src/apiserver/storage/job_store.go:105.2,105.32 1 1
github.com/kubeflow/pipelines/backend/src/apiserver/storage/job_store.go:109.2,110.51 2 1
github.com/kubeflow/pipelines/backend/src/apiserver/storage/job_store.go:55.63,57.3 1 1
github.com/kubeflow/pipelines/backend/src/apiserver/storage/job_store.go:60.16,62.3 1 0
github.com/kubeflow/pipelines/backend/src/apiserver/storage/job_store.go:65.16,67.3 1 0
github.com/kubeflow/pipelines/backend/src/apiserver/storage/job_store.go:71.16,74.3 2 1
github.com/kubeflow/pipelines/backend/src/apiserver/storage/job_store.go:77.16,79.3 1 0
github.com/kubeflow/pipelines/backend/src/apiserver/storage/job_store.go:81.16,84.3 2 0
github.com/kubeflow/pipelines/backend/src/apiserver/storage/job_store.go:88.16,91.3 2 0
github.com/kubeflow/pipelines/backend/src/apiserver/storage/job_store.go:93.16,96.3 2 0
github.com/kubeflow/pipelines/backend/src/apiserver/storage/job_store.go:100.16,103.3 2 0
github.com/kubeflow/pipelines/backend/src/apiserver/storage/job_store.go:105.32,107.3 1 1
github.com/kubeflow/pipelines/backend/src/apiserver/storage/job_store.go:114.69,120.65 4 1
github.com/kubeflow/pipelines/backend/src/apiserver/storage/job_store.go:127.2,127.16 1 1
github.com/kubeflow/pipelines/backend/src/apiserver/storage/job_store.go:131.2,135.18 2 1
github.com/kubeflow/pipelines/backend/src/apiserver/storage/job_store.go:140.2,141.16 2 1
github.com/kubeflow/pipelines/backend/src/apiserver/storage/job_store.go:145.2,145.23 1 1
github.com/kubeflow/pipelines/backend/src/apiserver/storage/job_store.go:120.65,123.3 1 1
github.com/kubeflow/pipelines/backend/src/apiserver/storage/job_store.go:123.8,126.3 1 1
github.com/kubeflow/pipelines/backend/src/apiserver/storage/job_store.go:127.16,129.3 1 0
github.com/kubeflow/pipelines/backend/src/apiserver/storage/job_store.go:135.18,139.3 3 1
github.com/kubeflow/pipelines/backend/src/apiserver/storage/job_store.go:141.16,143.3 1 0
github.com/kubeflow/pipelines/backend/src/apiserver/storage/job_store.go:148.58,153.16 2 1
github.com/kubeflow/pipelines/backend/src/apiserver/storage/job_store.go:157.2,158.16 2 1
github.com/kubeflow/pipelines/backend/src/apiserver/storage/job_store.go:162.2,164.33 3 1
github.com/kubeflow/pipelines/backend/src/apiserver/storage/job_store.go:167.2,167.20 1 1
github.com/kubeflow/pipelines/backend/src/apiserver/storage/job_store.go:170.2,170.21 1 1
github.com/kubeflow/pipelines/backend/src/apiserver/storage/job_store.go:153.16,156.3 1 0
github.com/kubeflow/pipelines/backend/src/apiserver/storage/job_store.go:158.16,161.3 1 1
github.com/kubeflow/pipelines/backend/src/apiserver/storage/job_store.go:164.33,166.3 1 0
github.com/kubeflow/pipelines/backend/src/apiserver/storage/job_store.go:167.20,169.3 1 1
github.com/kubeflow/pipelines/backend/src/apiserver/storage/job_store.go:173.99,181.2 2 1
github.com/kubeflow/pipelines/backend/src/apiserver/storage/job_store.go:183.64,185.15 2 1
github.com/kubeflow/pipelines/backend/src/apiserver/storage/job_store.go:241.2,241.18 1 1
github.com/kubeflow/pipelines/backend/src/apiserver/storage/job_store.go:185.15,200.17 7 1
github.com/kubeflow/pipelines/backend/src/apiserver/storage/job_store.go:203.3,239.5 3 1
github.com/kubeflow/pipelines/backend/src/apiserver/storage/job_store.go:200.17,202.4 1 0
github.com/kubeflow/pipelines/backend/src/apiserver/storage/job_store.go:244.47,246.16 2 1
github.com/kubeflow/pipelines/backend/src/apiserver/storage/job_store.go:251.2,252.16 2 1
github.com/kubeflow/pipelines/backend/src/apiserver/storage/job_store.go:255.2,256.16 2 1
github.com/kubeflow/pipelines/backend/src/apiserver/storage/job_store.go:260.2,261.16 2 1
github.com/kubeflow/pipelines/backend/src/apiserver/storage/job_store.go:265.2,266.16 2 1
github.com/kubeflow/pipelines/backend/src/apiserver/storage/job_store.go:270.2,270.12 1 1
github.com/kubeflow/pipelines/backend/src/apiserver/storage/job_store.go:246.16,249.3 1 0
github.com/kubeflow/pipelines/backend/src/apiserver/storage/job_store.go:252.16,254.3 1 1
github.com/kubeflow/pipelines/backend/src/apiserver/storage/job_store.go:256.16,259.3 2 0
github.com/kubeflow/pipelines/backend/src/apiserver/storage/job_store.go:261.16,264.3 2 0
github.com/kubeflow/pipelines/backend/src/apiserver/storage/job_store.go:266.16,269.3 2 0
github.com/kubeflow/pipelines/backend/src/apiserver/storage/job_store.go:273.64,303.16 2 1
github.com/kubeflow/pipelines/backend/src/apiserver/storage/job_store.go:309.2,310.16 2 1
github.com/kubeflow/pipelines/backend/src/apiserver/storage/job_store.go:313.2,314.16 2 1
github.com/kubeflow/pipelines/backend/src/apiserver/storage/job_store.go:318.2,319.16 2 1
github.com/kubeflow/pipelines/backend/src/apiserver/storage/job_store.go:324.2,325.16 2 1
github.com/kubeflow/pipelines/backend/src/apiserver/storage/job_store.go:329.2,329.15 1 1
github.com/kubeflow/pipelines/backend/src/apiserver/storage/job_store.go:303.16,306.3 1 0
github.com/kubeflow/pipelines/backend/src/apiserver/storage/job_store.go:310.16,312.3 1 1
github.com/kubeflow/pipelines/backend/src/apiserver/storage/job_store.go:314.16,317.3 2 0
github.com/kubeflow/pipelines/backend/src/apiserver/storage/job_store.go:319.16,322.3 2 0
github.com/kubeflow/pipelines/backend/src/apiserver/storage/job_store.go:325.16,328.3 2 0
github.com/kubeflow/pipelines/backend/src/apiserver/storage/job_store.go:332.61,342.16 3 1
github.com/kubeflow/pipelines/backend/src/apiserver/storage/job_store.go:345.2,346.16 2 1
github.com/kubeflow/pipelines/backend/src/apiserver/storage/job_store.go:349.2,349.12 1 1
github.com/kubeflow/pipelines/backend/src/apiserver/storage/job_store.go:342.16,344.3 1 0
github.com/kubeflow/pipelines/backend/src/apiserver/storage/job_store.go:346.16,348.3 1 1
github.com/kubeflow/pipelines/backend/src/apiserver/storage/job_store.go:352.65,355.16 3 1
github.com/kubeflow/pipelines/backend/src/apiserver/storage/job_store.go:359.2,378.16 2 1
github.com/kubeflow/pipelines/backend/src/apiserver/storage/job_store.go:383.2,385.16 2 1
github.com/kubeflow/pipelines/backend/src/apiserver/storage/job_store.go:391.2,392.16 2 1
github.com/kubeflow/pipelines/backend/src/apiserver/storage/job_store.go:397.2,397.23 1 1
github.com/kubeflow/pipelines/backend/src/apiserver/storage/job_store.go:403.2,403.12 1 1
github.com/kubeflow/pipelines/backend/src/apiserver/storage/job_store.go:355.16,357.3 1 0
github.com/kubeflow/pipelines/backend/src/apiserver/storage/job_store.go:378.16,382.3 1 0
github.com/kubeflow/pipelines/backend/src/apiserver/storage/job_store.go:385.16,389.3 1 1
github.com/kubeflow/pipelines/backend/src/apiserver/storage/job_store.go:392.16,396.3 1 0
github.com/kubeflow/pipelines/backend/src/apiserver/storage/job_store.go:397.23,401.3 1 1
github.com/kubeflow/pipelines/backend/src/apiserver/storage/job_store.go:407.61,413.2 1 1
github.com/kubeflow/pipelines/backend/src/apiserver/storage/resource_reference_store.go:43.110,44.19 1 1
github.com/kubeflow/pipelines/backend/src/apiserver/storage/resource_reference_store.go:68.2,68.12 1 1
github.com/kubeflow/pipelines/backend/src/apiserver/storage/resource_reference_store.go:44.19,48.28 2 1
github.com/kubeflow/pipelines/backend/src/apiserver/storage/resource_reference_store.go:59.3,60.17 2 1
github.com/kubeflow/pipelines/backend/src/apiserver/storage/resource_reference_store.go:63.3,64.17 2 1
github.com/kubeflow/pipelines/backend/src/apiserver/storage/resource_reference_store.go:48.28,49.72 1 1
github.com/kubeflow/pipelines/backend/src/apiserver/storage/resource_reference_store.go:52.4,53.18 2 1
github.com/kubeflow/pipelines/backend/src/apiserver/storage/resource_reference_store.go:56.4,57.132 1 1
github.com/kubeflow/pipelines/backend/src/apiserver/storage/resource_reference_store.go:49.72,51.5 1 1
github.com/kubeflow/pipelines/backend/src/apiserver/storage/resource_reference_store.go:53.18,55.5 1 0
github.com/kubeflow/pipelines/backend/src/apiserver/storage/resource_reference_store.go:60.17,62.4 1 0
github.com/kubeflow/pipelines/backend/src/apiserver/storage/resource_reference_store.go:64.17,66.4 1 0
github.com/kubeflow/pipelines/backend/src/apiserver/storage/resource_reference_store.go:71.125,73.23 2 1
github.com/kubeflow/pipelines/backend/src/apiserver/storage/resource_reference_store.go:87.2,88.16 2 1
github.com/kubeflow/pipelines/backend/src/apiserver/storage/resource_reference_store.go:91.2,93.40 3 1
github.com/kubeflow/pipelines/backend/src/apiserver/storage/resource_reference_store.go:96.2,96.15 1 1
github.com/kubeflow/pipelines/backend/src/apiserver/storage/resource_reference_store.go:74.29,75.80 1 0
github.com/kubeflow/pipelines/backend/src/apiserver/storage/resource_reference_store.go:76.36,77.87 1 1
github.com/kubeflow/pipelines/backend/src/apiserver/storage/resource_reference_store.go:78.41,79.93 1 0
github.com/kubeflow/pipelines/backend/src/apiserver/storage/resource_reference_store.go:80.35,83.14 1 0
github.com/kubeflow/pipelines/backend/src/apiserver/storage/resource_reference_store.go:84.10,85.15 1 0
github.com/kubeflow/pipelines/backend/src/apiserver/storage/resource_reference_store.go:88.16,90.3 1 0
github.com/kubeflow/pipelines/backend/src/apiserver/storage/resource_reference_store.go:93.40,95.3 1 0
github.com/kubeflow/pipelines/backend/src/apiserver/storage/resource_reference_store.go:101.121,109.16 3 1
github.com/kubeflow/pipelines/backend/src/apiserver/storage/resource_reference_store.go:112.2,112.12 1 1
github.com/kubeflow/pipelines/backend/src/apiserver/storage/resource_reference_store.go:109.16,111.3 1 0
github.com/kubeflow/pipelines/backend/src/apiserver/storage/resource_reference_store.go:116.70,124.16 2 1
github.com/kubeflow/pipelines/backend/src/apiserver/storage/resource_reference_store.go:129.2,130.16 2 1
github.com/kubeflow/pipelines/backend/src/apiserver/storage/resource_reference_store.go:135.2,137.38 3 1
github.com/kubeflow/pipelines/backend/src/apiserver/storage/resource_reference_store.go:140.2,140.25 1 1
github.com/kubeflow/pipelines/backend/src/apiserver/storage/resource_reference_store.go:144.2,144.27 1 1
github.com/kubeflow/pipelines/backend/src/apiserver/storage/resource_reference_store.go:124.16,128.3 1 0
github.com/kubeflow/pipelines/backend/src/apiserver/storage/resource_reference_store.go:130.16,134.3 1 0
github.com/kubeflow/pipelines/backend/src/apiserver/storage/resource_reference_store.go:137.38,139.3 1 0
github.com/kubeflow/pipelines/backend/src/apiserver/storage/resource_reference_store.go:140.25,143.3 1 1
github.com/kubeflow/pipelines/backend/src/apiserver/storage/resource_reference_store.go:147.91,149.15 2 1
github.com/kubeflow/pipelines/backend/src/apiserver/storage/resource_reference_store.go:166.2,166.24 1 1
github.com/kubeflow/pipelines/backend/src/apiserver/storage/resource_reference_store.go:149.15,153.17 3 1
github.com/kubeflow/pipelines/backend/src/apiserver/storage/resource_reference_store.go:156.3,164.5 1 1
github.com/kubeflow/pipelines/backend/src/apiserver/storage/resource_reference_store.go:153.17,155.4 1 0
github.com/kubeflow/pipelines/backend/src/apiserver/storage/resource_reference_store.go:169.64,171.2 1 1
github.com/kubeflow/pipelines/backend/src/apiserver/storage/pipeline_store.go:122.105,124.2 1 1
github.com/kubeflow/pipelines/backend/src/apiserver/storage/pipeline_store.go:128.80,130.2 1 0
github.com/kubeflow/pipelines/backend/src/apiserver/storage/pipeline_store.go:133.86,135.18 2 1
github.com/kubeflow/pipelines/backend/src/apiserver/storage/pipeline_store.go:166.2,166.23 1 1
github.com/kubeflow/pipelines/backend/src/apiserver/storage/pipeline_store.go:135.18,149.17 3 1
github.com/kubeflow/pipelines/backend/src/apiserver/storage/pipeline_store.go:152.3,152.17 1 1
github.com/kubeflow/pipelines/backend/src/apiserver/storage/pipeline_store.go:149.17,151.4 1 0
github.com/kubeflow/pipelines/backend/src/apiserver/storage/pipeline_store.go:152.17,164.4 1 1
github.com/kubeflow/pipelines/backend/src/apiserver/storage/pipeline_store.go:170.100,172.18 2 1
github.com/kubeflow/pipelines/backend/src/apiserver/storage/pipeline_store.go:207.2,207.30 1 1
github.com/kubeflow/pipelines/backend/src/apiserver/storage/pipeline_store.go:172.18,186.17 3 1
github.com/kubeflow/pipelines/backend/src/apiserver/storage/pipeline_store.go:189.3,189.17 1 1
github.com/kubeflow/pipelines/backend/src/apiserver/storage/pipeline_store.go:186.17,188.4 1 0
github.com/kubeflow/pipelines/backend/src/apiserver/storage/pipeline_store.go:189.17,205.4 1 1
github.com/kubeflow/pipelines/backend/src/apiserver/storage/pipeline_store.go:213.83,215.18 2 1
github.com/kubeflow/pipelines/backend/src/apiserver/storage/pipeline_store.go:267.2,267.23 1 1
github.com/kubeflow/pipelines/backend/src/apiserver/storage/pipeline_store.go:215.18,238.37 7 1
github.com/kubeflow/pipelines/backend/src/apiserver/storage/pipeline_store.go:254.3,264.4 1 1
github.com/kubeflow/pipelines/backend/src/apiserver/storage/pipeline_store.go:238.37,240.4 1 0
github.com/kubeflow/pipelines/backend/src/apiserver/storage/pipeline_store.go:272.84,280.16 4 1
github.com/kubeflow/pipelines/backend/src/apiserver/storage/pipeline_store.go:283.2,299.16 3 1
github.com/kubeflow/pipelines/backend/src/apiserver/storage/pipeline_store.go:305.2,306.16 2 1
github.com/kubeflow/pipelines/backend/src/apiserver/storage/pipeline_store.go:311.2,312.16 2 1
github.com/kubeflow/pipelines/backend/src/apiserver/storage/pipeline_store.go:322.2,322.36 1 1
github.com/kubeflow/pipelines/backend/src/apiserver/storage/pipeline_store.go:328.2,328.26 1 1
github.com/kubeflow/pipelines/backend/src/apiserver/storage/pipeline_store.go:280.16,282.3 1 0
github.com/kubeflow/pipelines/backend/src/apiserver/storage/pipeline_store.go:299.16,302.3 1 0
github.com/kubeflow/pipelines/backend/src/apiserver/storage/pipeline_store.go:306.16,310.3 1 1
github.com/kubeflow/pipelines/backend/src/apiserver/storage/pipeline_store.go:312.16,313.33 1 1
github.com/kubeflow/pipelines/backend/src/apiserver/storage/pipeline_store.go:318.3,320.16 2 0
github.com/kubeflow/pipelines/backend/src/apiserver/storage/pipeline_store.go:313.33,317.4 2 1
github.com/kubeflow/pipelines/backend/src/apiserver/storage/pipeline_store.go:322.36,327.3 2 0
github.com/kubeflow/pipelines/backend/src/apiserver/storage/pipeline_store.go:332.106,337.16 3 1
github.com/kubeflow/pipelines/backend/src/apiserver/storage/pipeline_store.go:340.2,363.23 4 1
github.com/kubeflow/pipelines/backend/src/apiserver/storage/pipeline_store.go:371.2,372.16 2 1
github.com/kubeflow/pipelines/backend/src/apiserver/storage/pipeline_store.go:378.2,379.16 2 1
github.com/kubeflow/pipelines/backend/src/apiserver/storage/pipeline_store.go:388.2,388.36 1 1
github.com/kubeflow/pipelines/backend/src/apiserver/storage/pipeline_store.go:393.2,393.33 1 1
github.com/kubeflow/pipelines/backend/src/apiserver/storage/pipeline_store.go:337.16,339.3 1 0
github.com/kubeflow/pipelines/backend/src/apiserver/storage/pipeline_store.go:363.23,368.3 1 0
github.com/kubeflow/pipelines/backend/src/apiserver/storage/pipeline_store.go:372.16,377.3 1 1
github.com/kubeflow/pipelines/backend/src/apiserver/storage/pipeline_store.go:379.16,381.33 2 1
github.com/kubeflow/pipelines/backend/src/apiserver/storage/pipeline_store.go:385.3,386.16 1 0
github.com/kubeflow/pipelines/backend/src/apiserver/storage/pipeline_store.go:381.33,384.4 1 1
github.com/kubeflow/pipelines/backend/src/apiserver/storage/pipeline_store.go:388.36,392.3 2 0
github.com/kubeflow/pipelines/backend/src/apiserver/storage/pipeline_store.go:397.73,399.2 1 1
github.com/kubeflow/pipelines/backend/src/apiserver/storage/pipeline_store.go:403.112,410.16 2 1
github.com/kubeflow/pipelines/backend/src/apiserver/storage/pipeline_store.go:415.2,416.16 2 1
github.com/kubeflow/pipelines/backend/src/apiserver/storage/pipeline_store.go:419.2,423.38 3 1
github.com/kubeflow/pipelines/backend/src/apiserver/storage/pipeline_store.go:426.2,426.25 1 1
github.com/kubeflow/pipelines/backend/src/apiserver/storage/pipeline_store.go:429.2,429.26 1 1
github.com/kubeflow/pipelines/backend/src/apiserver/storage/pipeline_store.go:410.16,412.3 1 0
github.com/kubeflow/pipelines/backend/src/apiserver/storage/pipeline_store.go:416.16,418.3 1 1
github.com/kubeflow/pipelines/backend/src/apiserver/storage/pipeline_store.go:423.38,425.3 1 0
github.com/kubeflow/pipelines/backend/src/apiserver/storage/pipeline_store.go:426.25,428.3 1 1
github.com/kubeflow/pipelines/backend/src/apiserver/storage/pipeline_store.go:433.94,435.2 1 1
github.com/kubeflow/pipelines/backend/src/apiserver/storage/pipeline_store.go:438.101,447.16 2 1
github.com/kubeflow/pipelines/backend/src/apiserver/storage/pipeline_store.go:452.2,453.16 2 1
github.com/kubeflow/pipelines/backend/src/apiserver/storage/pipeline_store.go:456.2,460.37 3 1
github.com/kubeflow/pipelines/backend/src/apiserver/storage/pipeline_store.go:463.2,463.24 1 1
github.com/kubeflow/pipelines/backend/src/apiserver/storage/pipeline_store.go:466.2,466.25 1 1
github.com/kubeflow/pipelines/backend/src/apiserver/storage/pipeline_store.go:447.16,449.3 1 0
github.com/kubeflow/pipelines/backend/src/apiserver/storage/pipeline_store.go:453.16,455.3 1 0
github.com/kubeflow/pipelines/backend/src/apiserver/storage/pipeline_store.go:460.37,462.3 1 0
github.com/kubeflow/pipelines/backend/src/apiserver/storage/pipeline_store.go:463.24,465.3 1 0
github.com/kubeflow/pipelines/backend/src/apiserver/storage/pipeline_store.go:470.140,478.16 2 1
github.com/kubeflow/pipelines/backend/src/apiserver/storage/pipeline_store.go:483.2,484.16 2 1
github.com/kubeflow/pipelines/backend/src/apiserver/storage/pipeline_store.go:487.2,491.37 3 1
github.com/kubeflow/pipelines/backend/src/apiserver/storage/pipeline_store.go:494.2,494.24 1 1
github.com/kubeflow/pipelines/backend/src/apiserver/storage/pipeline_store.go:497.2,497.25 1 1
github.com/kubeflow/pipelines/backend/src/apiserver/storage/pipeline_store.go:478.16,480.3 1 0
github.com/kubeflow/pipelines/backend/src/apiserver/storage/pipeline_store.go:484.16,486.3 1 1
github.com/kubeflow/pipelines/backend/src/apiserver/storage/pipeline_store.go:491.37,493.3 1 0
github.com/kubeflow/pipelines/backend/src/apiserver/storage/pipeline_store.go:494.24,496.3 1 1
github.com/kubeflow/pipelines/backend/src/apiserver/storage/pipeline_store.go:502.111,513.16 2 1
github.com/kubeflow/pipelines/backend/src/apiserver/storage/pipeline_store.go:516.2,517.16 2 1
github.com/kubeflow/pipelines/backend/src/apiserver/storage/pipeline_store.go:520.2,522.38 3 1
github.com/kubeflow/pipelines/backend/src/apiserver/storage/pipeline_store.go:525.2,525.25 1 1
github.com/kubeflow/pipelines/backend/src/apiserver/storage/pipeline_store.go:528.2,528.26 1 1
github.com/kubeflow/pipelines/backend/src/apiserver/storage/pipeline_store.go:513.16,515.3 1 0
github.com/kubeflow/pipelines/backend/src/apiserver/storage/pipeline_store.go:517.16,519.3 1 0
github.com/kubeflow/pipelines/backend/src/apiserver/storage/pipeline_store.go:522.38,524.3 1 0
github.com/kubeflow/pipelines/backend/src/apiserver/storage/pipeline_store.go:525.25,527.3 1 1
github.com/kubeflow/pipelines/backend/src/apiserver/storage/pipeline_store.go:534.135,535.67 1 1
github.com/kubeflow/pipelines/backend/src/apiserver/storage/pipeline_store.go:551.2,553.16 3 1
github.com/kubeflow/pipelines/backend/src/apiserver/storage/pipeline_store.go:559.2,560.16 2 1
github.com/kubeflow/pipelines/backend/src/apiserver/storage/pipeline_store.go:565.2,566.16 2 1
github.com/kubeflow/pipelines/backend/src/apiserver/storage/pipeline_store.go:572.2,573.16 2 1
github.com/kubeflow/pipelines/backend/src/apiserver/storage/pipeline_store.go:577.2,578.16 2 1
github.com/kubeflow/pipelines/backend/src/apiserver/storage/pipeline_store.go:582.2,586.16 3 1
github.com/kubeflow/pipelines/backend/src/apiserver/storage/pipeline_store.go:590.2,591.16 2 1
github.com/kubeflow/pipelines/backend/src/apiserver/storage/pipeline_store.go:595.2,599.16 3 1
github.com/kubeflow/pipelines/backend/src/apiserver/storage/pipeline_store.go:605.2,605.37 1 1
github.com/kubeflow/pipelines/backend/src/apiserver/storage/pipeline_store.go:608.2,609.56 2 0
github.com/kubeflow/pipelines/backend/src/apiserver/storage/pipeline_store.go:535.67,537.106 2 1
github.com/kubeflow/pipelines/backend/src/apiserver/storage/pipeline_store.go:547.3,547.15 1 1
github.com/kubeflow/pipelines/backend/src/apiserver/storage/pipeline_store.go:537.106,542.4 1 0
github.com/kubeflow/pipelines/backend/src/apiserver/storage/pipeline_store.go:542.9,546.4 1 1
github.com/kubeflow/pipelines/backend/src/apiserver/storage/pipeline_store.go:553.16,555.3 1 0
github.com/kubeflow/pipelines/backend/src/apiserver/storage/pipeline_store.go:560.16,562.3 1 0
github.com/kubeflow/pipelines/backend/src/apiserver/storage/pipeline_store.go:566.16,569.3 2 0
github.com/kubeflow/pipelines/backend/src/apiserver/storage/pipeline_store.go:573.16,576.3 2 0
github.com/kubeflow/pipelines/backend/src/apiserver/storage/pipeline_store.go:578.16,581.3 2 0
github.com/kubeflow/pipelines/backend/src/apiserver/storage/pipeline_store.go:586.16,589.3 2 0
github.com/kubeflow/pipelines/backend/src/apiserver/storage/pipeline_store.go:591.16,594.3 2 0
github.com/kubeflow/pipelines/backend/src/apiserver/storage/pipeline_store.go:599.16,602.3 2 0
github.com/kubeflow/pipelines/backend/src/apiserver/storage/pipeline_store.go:605.37,607.3 1 1
github.com/kubeflow/pipelines/backend/src/apiserver/storage/pipeline_store.go:613.169,614.67 1 1
github.com/kubeflow/pipelines/backend/src/apiserver/storage/pipeline_store.go:626.2,628.16 3 1
github.com/kubeflow/pipelines/backend/src/apiserver/storage/pipeline_store.go:634.2,635.16 2 1
github.com/kubeflow/pipelines/backend/src/apiserver/storage/pipeline_store.go:640.2,641.16 2 1
github.com/kubeflow/pipelines/backend/src/apiserver/storage/pipeline_store.go:647.2,648.16 2 1
github.com/kubeflow/pipelines/backend/src/apiserver/storage/pipeline_store.go:652.2,653.16 2 1
github.com/kubeflow/pipelines/backend/src/apiserver/storage/pipeline_store.go:657.2,661.16 3 1
github.com/kubeflow/pipelines/backend/src/apiserver/storage/pipeline_store.go:665.2,666.16 2 1
github.com/kubeflow/pipelines/backend/src/apiserver/storage/pipeline_store.go:670.2,674.16 3 1
github.com/kubeflow/pipelines/backend/src/apiserver/storage/pipeline_store.go:680.2,680.44 1 1
github.com/kubeflow/pipelines/backend/src/apiserver/storage/pipeline_store.go:683.2,684.63 2 1
github.com/kubeflow/pipelines/backend/src/apiserver/storage/pipeline_store.go:614.67,623.3 1 1
github.com/kubeflow/pipelines/backend/src/apiserver/storage/pipeline_store.go:628.16,630.3 1 0
github.com/kubeflow/pipelines/backend/src/apiserver/storage/pipeline_store.go:635.16,637.3 1 0
github.com/kubeflow/pipelines/backend/src/apiserver/storage/pipeline_store.go:641.16,644.3 2 1
github.com/kubeflow/pipelines/backend/src/apiserver/storage/pipeline_store.go:648.16,651.3 2 0
github.com/kubeflow/pipelines/backend/src/apiserver/storage/pipeline_store.go:653.16,656.3 2 0
github.com/kubeflow/pipelines/backend/src/apiserver/storage/pipeline_store.go:661.16,664.3 2 0
github.com/kubeflow/pipelines/backend/src/apiserver/storage/pipeline_store.go:666.16,669.3 2 0
github.com/kubeflow/pipelines/backend/src/apiserver/storage/pipeline_store.go:674.16,677.3 2 0
github.com/kubeflow/pipelines/backend/src/apiserver/storage/pipeline_store.go:680.44,682.3 1 1
github.com/kubeflow/pipelines/backend/src/apiserver/storage/pipeline_store.go:688.97,691.16 2 1
github.com/kubeflow/pipelines/backend/src/apiserver/storage/pipeline_store.go:701.2,701.12 1 1
github.com/kubeflow/pipelines/backend/src/apiserver/storage/pipeline_store.go:691.16,700.3 1 1
github.com/kubeflow/pipelines/backend/src/apiserver/storage/pipeline_store.go:705.92,712.16 2 1
github.com/kubeflow/pipelines/backend/src/apiserver/storage/pipeline_store.go:715.2,715.61 1 1
github.com/kubeflow/pipelines/backend/src/apiserver/storage/pipeline_store.go:712.16,714.3 1 0
github.com/kubeflow/pipelines/backend/src/apiserver/storage/pipeline_store.go:719.106,725.16 2 1
github.com/kubeflow/pipelines/backend/src/apiserver/storage/pipeline_store.go:729.2,729.74 1 1
github.com/kubeflow/pipelines/backend/src/apiserver/storage/pipeline_store.go:725.16,728.3 1 0
github.com/kubeflow/pipelines/backend/src/apiserver/storage/pipeline_store.go:734.57,737.16 2 1
github.com/kubeflow/pipelines/backend/src/apiserver/storage/pipeline_store.go:740.2,740.54 1 1
github.com/kubeflow/pipelines/backend/src/apiserver/storage/pipeline_store.go:737.16,739.3 1 0
github.com/kubeflow/pipelines/backend/src/apiserver/storage/pipeline_store.go:745.71,751.16 2 1
github.com/kubeflow/pipelines/backend/src/apiserver/storage/pipeline_store.go:754.2,754.62 1 1
github.com/kubeflow/pipelines/backend/src/apiserver/storage/pipeline_store.go:751.16,753.3 1 0
github.com/kubeflow/pipelines/backend/src/apiserver/storage/pipeline_store.go:761.113,773.16 2 0
github.com/kubeflow/pipelines/backend/src/apiserver/storage/pipeline_store.go:776.2,777.16 2 0
github.com/kubeflow/pipelines/backend/src/apiserver/storage/pipeline_store.go:780.2,782.38 3 0
github.com/kubeflow/pipelines/backend/src/apiserver/storage/pipeline_store.go:785.2,785.25 1 0
github.com/kubeflow/pipelines/backend/src/apiserver/storage/pipeline_store.go:788.2,788.26 1 0
github.com/kubeflow/pipelines/backend/src/apiserver/storage/pipeline_store.go:773.16,775.3 1 0
github.com/kubeflow/pipelines/backend/src/apiserver/storage/pipeline_store.go:777.16,779.3 1 0
github.com/kubeflow/pipelines/backend/src/apiserver/storage/pipeline_store.go:782.38,784.3 1 0
github.com/kubeflow/pipelines/backend/src/apiserver/storage/pipeline_store.go:785.25,787.3 1 0
github.com/kubeflow/pipelines/backend/src/apiserver/storage/pipeline_store.go:795.137,796.67 1 1
github.com/kubeflow/pipelines/backend/src/apiserver/storage/pipeline_store.go:811.2,815.16 3 1
github.com/kubeflow/pipelines/backend/src/apiserver/storage/pipeline_store.go:821.2,822.16 2 1
github.com/kubeflow/pipelines/backend/src/apiserver/storage/pipeline_store.go:827.2,828.16 2 1
github.com/kubeflow/pipelines/backend/src/apiserver/storage/pipeline_store.go:834.2,835.16 2 1
github.com/kubeflow/pipelines/backend/src/apiserver/storage/pipeline_store.go:839.2,840.16 2 1
github.com/kubeflow/pipelines/backend/src/apiserver/storage/pipeline_store.go:844.2,848.16 3 1
github.com/kubeflow/pipelines/backend/src/apiserver/storage/pipeline_store.go:852.2,853.16 2 1
github.com/kubeflow/pipelines/backend/src/apiserver/storage/pipeline_store.go:857.2,861.16 3 1
github.com/kubeflow/pipelines/backend/src/apiserver/storage/pipeline_store.go:867.2,867.37 1 1
github.com/kubeflow/pipelines/backend/src/apiserver/storage/pipeline_store.go:870.2,871.56 2 1
github.com/kubeflow/pipelines/backend/src/apiserver/storage/pipeline_store.go:796.67,799.106 2 1
github.com/kubeflow/pipelines/backend/src/apiserver/storage/pipeline_store.go:809.3,809.15 1 1
github.com/kubeflow/pipelines/backend/src/apiserver/storage/pipeline_store.go:799.106,804.4 1 0
github.com/kubeflow/pipelines/backend/src/apiserver/storage/pipeline_store.go:804.9,808.4 1 1
github.com/kubeflow/pipelines/backend/src/apiserver/storage/pipeline_store.go:815.16,817.3 1 0
github.com/kubeflow/pipelines/backend/src/apiserver/storage/pipeline_store.go:822.16,824.3 1 0
github.com/kubeflow/pipelines/backend/src/apiserver/storage/pipeline_store.go:828.16,831.3 2 1
github.com/kubeflow/pipelines/backend/src/apiserver/storage/pipeline_store.go:835.16,838.3 2 0
github.com/kubeflow/pipelines/backend/src/apiserver/storage/pipeline_store.go:840.16,843.3 2 0
github.com/kubeflow/pipelines/backend/src/apiserver/storage/pipeline_store.go:848.16,851.3 2 0
github.com/kubeflow/pipelines/backend/src/apiserver/storage/pipeline_store.go:853.16,856.3 2 0
github.com/kubeflow/pipelines/backend/src/apiserver/storage/pipeline_store.go:861.16,864.3 2 0
github.com/kubeflow/pipelines/backend/src/apiserver/storage/pipeline_store.go:867.37,869.3 1 1
github.com/kubeflow/pipelines/backend/src/apiserver/storage/task_store.go:59.97,65.2 1 1
github.com/kubeflow/pipelines/backend/src/apiserver/storage/task_store.go:67.71,71.16 3 1
github.com/kubeflow/pipelines/backend/src/apiserver/storage/task_store.go:74.2,89.16 3 1
github.com/kubeflow/pipelines/backend/src/apiserver/storage/task_store.go:93.2,94.16 2 1
github.com/kubeflow/pipelines/backend/src/apiserver/storage/task_store.go:98.2,98.22 1 1
github.com/kubeflow/pipelines/backend/src/apiserver/storage/task_store.go:71.16,73.3 1 0
github.com/kubeflow/pipelines/backend/src/apiserver/storage/task_store.go:89.16,92.3 1 0
github.com/kubeflow/pipelines/backend/src/apiserver/storage/task_store.go:94.16,97.3 1 0
github.com/kubeflow/pipelines/backend/src/apiserver/storage/task_store.go:101.69,103.18 2 1
github.com/kubeflow/pipelines/backend/src/apiserver/storage/task_store.go:123.2,123.19 1 1
github.com/kubeflow/pipelines/backend/src/apiserver/storage/task_store.go:103.18,107.17 4 1
github.com/kubeflow/pipelines/backend/src/apiserver/storage/task_store.go:111.3,121.30 2 1
github.com/kubeflow/pipelines/backend/src/apiserver/storage/task_store.go:107.17,110.4 2 0
github.com/kubeflow/pipelines/backend/src/apiserver/storage/task_store.go:128.123,129.64 1 1
github.com/kubeflow/pipelines/backend/src/apiserver/storage/task_store.go:134.2,135.104 2 1
github.com/kubeflow/pipelines/backend/src/apiserver/storage/task_store.go:138.2,141.16 3 1
github.com/kubeflow/pipelines/backend/src/apiserver/storage/task_store.go:147.2,148.104 2 1
github.com/kubeflow/pipelines/backend/src/apiserver/storage/task_store.go:151.2,152.16 2 1
github.com/kubeflow/pipelines/backend/src/apiserver/storage/task_store.go:157.2,158.16 2 1
github.com/kubeflow/pipelines/backend/src/apiserver/storage/task_store.go:163.2,164.16 2 1
github.com/kubeflow/pipelines/backend/src/apiserver/storage/task_store.go:168.2,169.16 2 1
github.com/kubeflow/pipelines/backend/src/apiserver/storage/task_store.go:173.2,176.16 3 1
github.com/kubeflow/pipelines/backend/src/apiserver/storage/task_store.go:180.2,181.16 2 1
github.com/kubeflow/pipelines/backend/src/apiserver/storage/task_store.go:185.2,188.16 3 1
github.com/kubeflow/pipelines/backend/src/apiserver/storage/task_store.go:193.2,193.32 1 1
github.com/kubeflow/pipelines/backend/src/apiserver/storage/task_store.go:197.2,198.51 2 1
github.com/kubeflow/pipelines/backend/src/apiserver/storage/task_store.go:129.64,131.3 1 0
github.com/kubeflow/pipelines/backend/src/apiserver/storage/task_store.go:135.104,137.3 1 1
github.com/kubeflow/pipelines/backend/src/apiserver/storage/task_store.go:141.16,143.3 1 0
github.com/kubeflow/pipelines/backend/src/apiserver/storage/task_store.go:148.104,150.3 1 1
github.com/kubeflow/pipelines/backend/src/apiserver/storage/task_store.go:152.16,154.3 1 0
github.com/kubeflow/pipelines/backend/src/apiserver/storage/task_store.go:158.16,161.3 2 0
github.com/kubeflow/pipelines/backend/src/apiserver/storage/task_store.go:164.16,167.3 2 0
github.com/kubeflow/pipelines/backend/src/apiserver/storage/task_store.go:169.16,172.3 2 0
github.com/kubeflow/pipelines/backend/src/apiserver/storage/task_store.go:176.16,179.3 2 0
github.com/kubeflow/pipelines/backend/src/apiserver/storage/task_store.go:181.16,184.3 2 0
github.com/kubeflow/pipelines/backend/src/apiserver/storage/task_store.go:188.16,191.3 2 0
github.com/kubeflow/pipelines/backend/src/apiserver/storage/task_store.go:193.32,195.3 1 1
github.com/kubeflow/pipelines/backend/src/apiserver/storage/task_store.go:201.61,207.16 2 0
github.com/kubeflow/pipelines/backend/src/apiserver/storage/task_store.go:210.2,211.16 2 0
github.com/kubeflow/pipelines/backend/src/apiserver/storage/task_store.go:214.2,217.34 3 0
github.com/kubeflow/pipelines/backend/src/apiserver/storage/task_store.go:220.2,220.21 1 0
github.com/kubeflow/pipelines/backend/src/apiserver/storage/task_store.go:223.2,223.22 1 0
github.com/kubeflow/pipelines/backend/src/apiserver/storage/task_store.go:207.16,209.3 1 0
github.com/kubeflow/pipelines/backend/src/apiserver/storage/task_store.go:211.16,213.3 1 0
github.com/kubeflow/pipelines/backend/src/apiserver/storage/task_store.go:217.34,219.3 1 0
github.com/kubeflow/pipelines/backend/src/apiserver/storage/task_store.go:220.21,222.3 1 0
github.com/kubeflow/pipelines/backend/src/apiserver/storage/experiment_store.go:60.141,61.70 1 1
github.com/kubeflow/pipelines/backend/src/apiserver/storage/experiment_store.go:66.2,67.105 2 1
github.com/kubeflow/pipelines/backend/src/apiserver/storage/experiment_store.go:70.2,73.16 3 1
github.com/kubeflow/pipelines/backend/src/apiserver/storage/experiment_store.go:79.2,80.105 2 1
github.com/kubeflow/pipelines/backend/src/apiserver/storage/experiment_store.go:83.2,84.16 2 1
github.com/kubeflow/pipelines/backend/src/apiserver/storage/experiment_store.go:89.2,90.16 2 1
github.com/kubeflow/pipelines/backend/src/apiserver/storage/experiment_store.go:95.2,96.16 2 1
github.com/kubeflow/pipelines/backend/src/apiserver/storage/experiment_store.go:100.2,101.16 2 1
github.com/kubeflow/pipelines/backend/src/apiserver/storage/experiment_store.go:105.2,108.16 3 1
github.com/kubeflow/pipelines/backend/src/apiserver/storage/experiment_store.go:112.2,113.16 2 1
github.com/kubeflow/pipelines/backend/src/apiserver/storage/experiment_store.go:117.2,120.16 3 1
github.com/kubeflow/pipelines/backend/src/apiserver/storage/experiment_store.go:125.2,125.32 1 1
github.com/kubeflow/pipelines/backend/src/apiserver/storage/experiment_store.go:129.2,130.51 2 1
github.com/kubeflow/pipelines/backend/src/apiserver/storage/experiment_store.go:61.70,63.3 1 1
github.com/kubeflow/pipelines/backend/src/apiserver/storage/experiment_store.go:67.105,69.3 1 0
github.com/kubeflow/pipelines/backend/src/apiserver/storage/experiment_store.go:73.16,75.3 1 0
github.com/kubeflow/pipelines/backend/src/apiserver/storage/experiment_store.go:80.105,82.3 1 0
github.com/kubeflow/pipelines/backend/src/apiserver/storage/experiment_store.go:84.16,86.3 1 0
github.com/kubeflow/pipelines/backend/src/apiserver/storage/experiment_store.go:90.16,93.3 2 1
github.com/kubeflow/pipelines/backend/src/apiserver/storage/experiment_store.go:96.16,99.3 2 0
github.com/kubeflow/pipelines/backend/src/apiserver/storage/experiment_store.go:101.16,104.3 2 0
github.com/kubeflow/pipelines/backend/src/apiserver/storage/experiment_store.go:108.16,111.3 2 0
github.com/kubeflow/pipelines/backend/src/apiserver/storage/experiment_store.go:113.16,116.3 2 0
github.com/kubeflow/pipelines/backend/src/apiserver/storage/experiment_store.go:120.16,123.3 2 0
github.com/kubeflow/pipelines/backend/src/apiserver/storage/experiment_store.go:125.32,127.3 1 1
github.com/kubeflow/pipelines/backend/src/apiserver/storage/experiment_store.go:133.81,140.16 2 1
github.com/kubeflow/pipelines/backend/src/apiserver/storage/experiment_store.go:143.2,144.16 2 1
github.com/kubeflow/pipelines/backend/src/apiserver/storage/experiment_store.go:147.2,150.40 3 1
github.com/kubeflow/pipelines/backend/src/apiserver/storage/experiment_store.go:153.2,153.27 1 1
github.com/kubeflow/pipelines/backend/src/apiserver/storage/experiment_store.go:156.2,156.28 1 1
github.com/kubeflow/pipelines/backend/src/apiserver/storage/experiment_store.go:140.16,142.3 1 0
github.com/kubeflow/pipelines/backend/src/apiserver/storage/experiment_store.go:144.16,146.3 1 1
github.com/kubeflow/pipelines/backend/src/apiserver/storage/experiment_store.go:150.40,152.3 1 0
github.com/kubeflow/pipelines/backend/src/apiserver/storage/experiment_store.go:153.27,155.3 1 1
github.com/kubeflow/pipelines/backend/src/apiserver/storage/experiment_store.go:159.81,161.18 2 1
github.com/kubeflow/pipelines/backend/src/apiserver/storage/experiment_store.go:182.2,182.25 1 1
github.com/kubeflow/pipelines/backend/src/apiserver/storage/experiment_store.go:161.18,165.17 4 1
github.com/kubeflow/pipelines/backend/src/apiserver/storage/experiment_store.go:168.3,177.36 2 1
github.com/kubeflow/pipelines/backend/src/apiserver/storage/experiment_store.go:180.3,180.48 1 1
github.com/kubeflow/pipelines/backend/src/apiserver/storage/experiment_store.go:165.17,167.4 1 0
github.com/kubeflow/pipelines/backend/src/apiserver/storage/experiment_store.go:177.36,179.4 1 0
github.com/kubeflow/pipelines/backend/src/apiserver/storage/experiment_store.go:185.101,190.16 5 1
github.com/kubeflow/pipelines/backend/src/apiserver/storage/experiment_store.go:193.2,195.38 2 1
github.com/kubeflow/pipelines/backend/src/apiserver/storage/experiment_store.go:203.2,214.16 2 1
github.com/kubeflow/pipelines/backend/src/apiserver/storage/experiment_store.go:218.2,219.16 2 1
github.com/kubeflow/pipelines/backend/src/apiserver/storage/experiment_store.go:227.2,227.28 1 1
github.com/kubeflow/pipelines/backend/src/apiserver/storage/experiment_store.go:190.16,192.3 1 1
github.com/kubeflow/pipelines/backend/src/apiserver/storage/experiment_store.go:195.38,198.3 1 1
github.com/kubeflow/pipelines/backend/src/apiserver/storage/experiment_store.go:198.8,199.44 1 0
github.com/kubeflow/pipelines/backend/src/apiserver/storage/experiment_store.go:199.44,201.3 1 0
github.com/kubeflow/pipelines/backend/src/apiserver/storage/experiment_store.go:214.16,217.3 1 0
github.com/kubeflow/pipelines/backend/src/apiserver/storage/experiment_store.go:219.16,220.33 1 1
github.com/kubeflow/pipelines/backend/src/apiserver/storage/experiment_store.go:224.3,225.16 1 1
github.com/kubeflow/pipelines/backend/src/apiserver/storage/experiment_store.go:220.33,223.4 1 1
github.com/kubeflow/pipelines/backend/src/apiserver/storage/experiment_store.go:230.61,232.16 2 1
github.com/kubeflow/pipelines/backend/src/apiserver/storage/experiment_store.go:237.2,238.16 2 1
github.com/kubeflow/pipelines/backend/src/apiserver/storage/experiment_store.go:241.2,242.16 2 1
github.com/kubeflow/pipelines/backend/src/apiserver/storage/experiment_store.go:246.2,247.16 2 1
github.com/kubeflow/pipelines/backend/src/apiserver/storage/experiment_store.go:251.2,252.16 2 1
github.com/kubeflow/pipelines/backend/src/apiserver/storage/experiment_store.go:256.2,257.16 2 1
github.com/kubeflow/pipelines/backend/src/apiserver/storage/experiment_store.go:260.2,260.12 1 1
github.com/kubeflow/pipelines/backend/src/apiserver/storage/experiment_store.go:232.16,235.3 1 0
github.com/kubeflow/pipelines/backend/src/apiserver/storage/experiment_store.go:238.16,240.3 1 1
github.com/kubeflow/pipelines/backend/src/apiserver/storage/experiment_store.go:242.16,245.3 2 0
github.com/kubeflow/pipelines/backend/src/apiserver/storage/experiment_store.go:247.16,250.3 2 0
github.com/kubeflow/pipelines/backend/src/apiserver/storage/experiment_store.go:252.16,255.3 2 0
github.com/kubeflow/pipelines/backend/src/apiserver/storage/experiment_store.go:257.16,259.3 1 0
github.com/kubeflow/pipelines/backend/src/apiserver/storage/experiment_store.go:263.65,274.16 2 1
github.com/kubeflow/pipelines/backend/src/apiserver/storage/experiment_store.go:280.2,286.16 2 1
github.com/kubeflow/pipelines/backend/src/apiserver/storage/experiment_store.go:290.2,297.16 2 1
github.com/kubeflow/pipelines/backend/src/apiserver/storage/experiment_store.go:302.2,310.16 2 1
github.com/kubeflow/pipelines/backend/src/apiserver/storage/experiment_store.go:316.2,322.16 2 1
github.com/kubeflow/pipelines/backend/src/apiserver/storage/experiment_store.go:326.2,335.16 3 1
github.com/kubeflow/pipelines/backend/src/apiserver/storage/experiment_store.go:341.2,342.16 2 1
github.com/kubeflow/pipelines/backend/src/apiserver/storage/experiment_store.go:346.2,347.16 2 1
github.com/kubeflow/pipelines/backend/src/apiserver/storage/experiment_store.go:353.2,354.16 2 1
github.com/kubeflow/pipelines/backend/src/apiserver/storage/experiment_store.go:360.2,361.16 2 1
github.com/kubeflow/pipelines/backend/src/apiserver/storage/experiment_store.go:367.2,368.16 2 1
github.com/kubeflow/pipelines/backend/src/apiserver/storage/experiment_store.go:374.2,375.16 2 1
github.com/kubeflow/pipelines/backend/src/apiserver/storage/experiment_store.go:380.2,380.12 1 1
github.com/kubeflow/pipelines/backend/src/apiserver/storage/experiment_store.go:274.16,277.3 1 0
github.com/kubeflow/pipelines/backend/src/apiserver/storage/experiment_store.go:286.16,289.3 1 0
github.com/kubeflow/pipelines/backend/src/apiserver/storage/experiment_store.go:297.16,300.3 1 0
github.com/kubeflow/pipelines/backend/src/apiserver/storage/experiment_store.go:310.16,313.3 1 0
github.com/kubeflow/pipelines/backend/src/apiserver/storage/experiment_store.go:322.16,325.3 1 0
github.com/kubeflow/pipelines/backend/src/apiserver/storage/experiment_store.go:335.16,338.3 1 0
github.com/kubeflow/pipelines/backend/src/apiserver/storage/experiment_store.go:342.16,344.3 1 1
github.com/kubeflow/pipelines/backend/src/apiserver/storage/experiment_store.go:347.16,351.3 2 0
github.com/kubeflow/pipelines/backend/src/apiserver/storage/experiment_store.go:354.16,358.3 2 0
github.com/kubeflow/pipelines/backend/src/apiserver/storage/experiment_store.go:361.16,365.3 2 0
github.com/kubeflow/pipelines/backend/src/apiserver/storage/experiment_store.go:368.16,372.3 2 0
github.com/kubeflow/pipelines/backend/src/apiserver/storage/experiment_store.go:375.16,378.3 2 0
github.com/kubeflow/pipelines/backend/src/apiserver/storage/experiment_store.go:383.67,394.16 2 1
github.com/kubeflow/pipelines/backend/src/apiserver/storage/experiment_store.go:399.2,400.16 2 1
github.com/kubeflow/pipelines/backend/src/apiserver/storage/experiment_store.go:405.2,405.12 1 1
github.com/kubeflow/pipelines/backend/src/apiserver/storage/experiment_store.go:394.16,397.3 1 0
github.com/kubeflow/pipelines/backend/src/apiserver/storage/experiment_store.go:400.16,403.3 1 1
github.com/kubeflow/pipelines/backend/src/apiserver/storage/experiment_store.go:409.109,417.2 1 1
github.com/kubeflow/pipelines/backend/src/apiserver/storage/minio_client.go:34.150,36.2 1 0
github.com/kubeflow/pipelines/backend/src/apiserver/storage/minio_client.go:38.112,40.2 1 0
github.com/kubeflow/pipelines/backend/src/apiserver/storage/minio_client.go:42.73,44.2 1 0
github.com/kubeflow/pipelines/backend/src/apiserver/storage/object_store_fake.go:18.48,20.2 1 0
github.com/kubeflow/pipelines/backend/src/apiserver/storage/run_store.go:79.93,80.63 1 1
github.com/kubeflow/pipelines/backend/src/apiserver/storage/run_store.go:84.2,85.16 2 1
github.com/kubeflow/pipelines/backend/src/apiserver/storage/run_store.go:89.2,90.16 2 1
github.com/kubeflow/pipelines/backend/src/apiserver/storage/run_store.go:95.2,96.16 2 1
github.com/kubeflow/pipelines/backend/src/apiserver/storage/run_store.go:101.2,102.16 2 1
github.com/kubeflow/pipelines/backend/src/apiserver/storage/run_store.go:105.2,106.16 2 1
github.com/kubeflow/pipelines/backend/src/apiserver/storage/run_store.go:110.2,113.16 3 1
github.com/kubeflow/pipelines/backend/src/apiserver/storage/run_store.go:117.2,118.16 2 1
github.com/kubeflow/pipelines/backend/src/apiserver/storage/run_store.go:122.2,125.16 3 1
github.com/kubeflow/pipelines/backend/src/apiserver/storage/run_store.go:130.2,131.32 2 1
github.com/kubeflow/pipelines/backend/src/apiserver/storage/run_store.go:136.2,136.32 1 1
github.com/kubeflow/pipelines/backend/src/apiserver/storage/run_store.go:140.2,141.51 2 1
github.com/kubeflow/pipelines/backend/src/apiserver/storage/run_store.go:80.63,82.3 1 1
github.com/kubeflow/pipelines/backend/src/apiserver/storage/run_store.go:85.16,87.3 1 0
github.com/kubeflow/pipelines/backend/src/apiserver/storage/run_store.go:90.16,92.3 1 0
github.com/kubeflow/pipelines/backend/src/apiserver/storage/run_store.go:96.16,99.3 2 1
github.com/kubeflow/pipelines/backend/src/apiserver/storage/run_store.go:102.16,104.3 1 0
github.com/kubeflow/pipelines/backend/src/apiserver/storage/run_store.go:106.16,109.3 2 0
github.com/kubeflow/pipelines/backend/src/apiserver/storage/run_store.go:113.16,116.3 2 0
github.com/kubeflow/pipelines/backend/src/apiserver/storage/run_store.go:118.16,121.3 2 0
github.com/kubeflow/pipelines/backend/src/apiserver/storage/run_store.go:125.16,128.3 2 0
github.com/kubeflow/pipelines/backend/src/apiserver/storage/run_store.go:131.32,134.3 2 1
github.com/kubeflow/pipelines/backend/src/apiserver/storage/run_store.go:136.32,138.3 1 1
github.com/kubeflow/pipelines/backend/src/apiserver/storage/run_store.go:145.69,151.66 4 1
github.com/kubeflow/pipelines/backend/src/apiserver/storage/run_store.go:163.2,163.16 1 1
github.com/kubeflow/pipelines/backend/src/apiserver/storage/run_store.go:167.2,171.18 2 1
github.com/kubeflow/pipelines/backend/src/apiserver/storage/run_store.go:177.2,178.16 2 1
github.com/kubeflow/pipelines/backend/src/apiserver/storage/run_store.go:181.2,181.23 1 1
github.com/kubeflow/pipelines/backend/src/apiserver/storage/run_store.go:151.66,156.3 1 1
github.com/kubeflow/pipelines/backend/src/apiserver/storage/run_store.go:156.8,156.72 1 1
github.com/kubeflow/pipelines/backend/src/apiserver/storage/run_store.go:156.72,159.3 1 0
github.com/kubeflow/pipelines/backend/src/apiserver/storage/run_store.go:159.8,162.3 1 1
github.com/kubeflow/pipelines/backend/src/apiserver/storage/run_store.go:163.16,165.3 1 0
github.com/kubeflow/pipelines/backend/src/apiserver/storage/run_store.go:171.18,176.3 4 1
github.com/kubeflow/pipelines/backend/src/apiserver/storage/run_store.go:178.16,180.3 1 0
github.com/kubeflow/pipelines/backend/src/apiserver/storage/run_store.go:185.67,193.16 2 1
github.com/kubeflow/pipelines/backend/src/apiserver/storage/run_store.go:196.2,197.16 2 1
github.com/kubeflow/pipelines/backend/src/apiserver/storage/run_store.go:200.2,203.33 3 1
github.com/kubeflow/pipelines/backend/src/apiserver/storage/run_store.go:206.2,206.20 1 1
github.com/kubeflow/pipelines/backend/src/apiserver/storage/run_store.go:209.2,209.81 1 1
github.com/kubeflow/pipelines/backend/src/apiserver/storage/run_store.go:213.2,213.21 1 1
github.com/kubeflow/pipelines/backend/src/apiserver/storage/run_store.go:193.16,195.3 1 0
github.com/kubeflow/pipelines/backend/src/apiserver/storage/run_store.go:197.16,199.3 1 1
github.com/kubeflow/pipelines/backend/src/apiserver/storage/run_store.go:203.33,205.3 1 0
github.com/kubeflow/pipelines/backend/src/apiserver/storage/run_store.go:206.20,208.3 1 1
github.com/kubeflow/pipelines/backend/src/apiserver/storage/run_store.go:209.81,212.3 1 0
github.com/kubeflow/pipelines/backend/src/apiserver/storage/run_store.go:217.55,219.23 2 1
github.com/kubeflow/pipelines/backend/src/apiserver/storage/run_store.go:222.2,222.12 1 1
github.com/kubeflow/pipelines/backend/src/apiserver/storage/run_store.go:219.23,221.3 1 1
github.com/kubeflow/pipelines/backend/src/apiserver/storage/run_store.go:225.129,229.46 3 1
github.com/kubeflow/pipelines/backend/src/apiserver/storage/run_store.go:231.2,231.60 1 1
github.com/kubeflow/pipelines/backend/src/apiserver/storage/run_store.go:234.2,243.46 3 1
github.com/kubeflow/pipelines/backend/src/apiserver/storage/run_store.go:246.2,250.23 1 1
github.com/kubeflow/pipelines/backend/src/apiserver/storage/run_store.go:229.46,229.71 1 1
github.com/kubeflow/pipelines/backend/src/apiserver/storage/run_store.go:231.60,233.3 1 1
github.com/kubeflow/pipelines/backend/src/apiserver/storage/run_store.go:243.46,243.73 1 1
github.com/kubeflow/pipelines/backend/src/apiserver/storage/run_store.go:253.85,255.18 2 1
github.com/kubeflow/pipelines/backend/src/apiserver/storage/run_store.go:331.2,331.18 1 1
github.com/kubeflow/pipelines/backend/src/apiserver/storage/run_store.go:255.18,286.17 5 1
github.com/kubeflow/pipelines/backend/src/apiserver/storage/run_store.go:290.3,291.17 2 1
github.com/kubeflow/pipelines/backend/src/apiserver/storage/run_store.go:297.3,298.17 2 1
github.com/kubeflow/pipelines/backend/src/apiserver/storage/run_store.go:302.3,329.56 2 1
github.com/kubeflow/pipelines/backend/src/apiserver/storage/run_store.go:286.17,289.4 2 0
github.com/kubeflow/pipelines/backend/src/apiserver/storage/run_store.go:291.17,296.4 2 1
github.com/kubeflow/pipelines/backend/src/apiserver/storage/run_store.go:298.17,301.4 1 0
github.com/kubeflow/pipelines/backend/src/apiserver/storage/run_store.go:334.79,335.28 1 1
github.com/kubeflow/pipelines/backend/src/apiserver/storage/run_store.go:338.2,339.81 2 1
github.com/kubeflow/pipelines/backend/src/apiserver/storage/run_store.go:342.2,342.21 1 1
github.com/kubeflow/pipelines/backend/src/apiserver/storage/run_store.go:335.28,337.3 1 1
github.com/kubeflow/pipelines/backend/src/apiserver/storage/run_store.go:339.81,341.3 1 1
github.com/kubeflow/pipelines/backend/src/apiserver/storage/run_store.go:345.108,347.29 2 1
github.com/kubeflow/pipelines/backend/src/apiserver/storage/run_store.go:350.2,350.24 1 1
github.com/kubeflow/pipelines/backend/src/apiserver/storage/run_store.go:353.2,353.99 1 1
github.com/kubeflow/pipelines/backend/src/apiserver/storage/run_store.go:347.29,349.3 1 1
github.com/kubeflow/pipelines/backend/src/apiserver/storage/run_store.go:350.24,352.3 1 1
github.com/kubeflow/pipelines/backend/src/apiserver/storage/run_store.go:356.100,357.30 1 1
github.com/kubeflow/pipelines/backend/src/apiserver/storage/run_store.go:360.2,361.80 2 1
github.com/kubeflow/pipelines/backend/src/apiserver/storage/run_store.go:364.2,364.18 1 1
github.com/kubeflow/pipelines/backend/src/apiserver/storage/run_store.go:357.30,359.3 1 0
github.com/kubeflow/pipelines/backend/src/apiserver/storage/run_store.go:361.80,363.3 1 0
github.com/kubeflow/pipelines/backend/src/apiserver/storage/run_store.go:367.76,368.26 1 1
github.com/kubeflow/pipelines/backend/src/apiserver/storage/run_store.go:375.2,400.16 2 1
github.com/kubeflow/pipelines/backend/src/apiserver/storage/run_store.go:406.2,407.16 2 1
github.com/kubeflow/pipelines/backend/src/apiserver/storage/run_store.go:411.2,412.16 2 1
github.com/kubeflow/pipelines/backend/src/apiserver/storage/run_store.go:417.2,418.16 2 1
github.com/kubeflow/pipelines/backend/src/apiserver/storage/run_store.go:422.2,423.16 2 1
github.com/kubeflow/pipelines/backend/src/apiserver/storage/run_store.go:427.2,427.15 1 1
github.com/kubeflow/pipelines/backend/src/apiserver/storage/run_store.go:368.26,370.3 1 1
github.com/kubeflow/pipelines/backend/src/apiserver/storage/run_store.go:370.8,371.60 1 1
github.com/kubeflow/pipelines/backend/src/apiserver/storage/run_store.go:371.60,373.3 1 1
github.com/kubeflow/pipelines/backend/src/apiserver/storage/run_store.go:400.16,403.3 1 0
github.com/kubeflow/pipelines/backend/src/apiserver/storage/run_store.go:407.16,409.3 1 1
github.com/kubeflow/pipelines/backend/src/apiserver/storage/run_store.go:412.16,415.3 2 1
github.com/kubeflow/pipelines/backend/src/apiserver/storage/run_store.go:418.16,421.3 2 0
github.com/kubeflow/pipelines/backend/src/apiserver/storage/run_store.go:423.16,426.3 2 0
github.com/kubeflow/pipelines/backend/src/apiserver/storage/run_store.go:430.129,432.16 2 1
github.com/kubeflow/pipelines/backend/src/apiserver/storage/run_store.go:436.2,444.16 2 1
github.com/kubeflow/pipelines/backend/src/apiserver/storage/run_store.go:449.2,450.16 2 1
github.com/kubeflow/pipelines/backend/src/apiserver/storage/run_store.go:455.2,456.16 2 1
github.com/kubeflow/pipelines/backend/src/apiserver/storage/run_store.go:461.2,461.11 1 1
github.com/kubeflow/pipelines/backend/src/apiserver/storage/run_store.go:469.2,469.36 1 1
github.com/kubeflow/pipelines/backend/src/apiserver/storage/run_store.go:472.2,472.12 1 1
github.com/kubeflow/pipelines/backend/src/apiserver/storage/run_store.go:432.16,434.3 1 1
github.com/kubeflow/pipelines/backend/src/apiserver/storage/run_store.go:444.16,448.3 2 0
github.com/kubeflow/pipelines/backend/src/apiserver/storage/run_store.go:450.16,454.3 2 0
github.com/kubeflow/pipelines/backend/src/apiserver/storage/run_store.go:456.16,460.3 2 0
github.com/kubeflow/pipelines/backend/src/apiserver/storage/run_store.go:461.11,464.3 2 0
github.com/kubeflow/pipelines/backend/src/apiserver/storage/run_store.go:464.8,464.19 1 1
github.com/kubeflow/pipelines/backend/src/apiserver/storage/run_store.go:464.19,467.3 2 1
github.com/kubeflow/pipelines/backend/src/apiserver/storage/run_store.go:469.36,471.3 1 0
github.com/kubeflow/pipelines/backend/src/apiserver/storage/run_store.go:475.72,477.24 2 1
github.com/kubeflow/pipelines/backend/src/apiserver/storage/run_store.go:481.2,482.24 2 1
github.com/kubeflow/pipelines/backend/src/apiserver/storage/run_store.go:487.2,487.12 1 1
github.com/kubeflow/pipelines/backend/src/apiserver/storage/run_store.go:477.24,479.3 1 1
github.com/kubeflow/pipelines/backend/src/apiserver/storage/run_store.go:482.24,486.3 1 1
github.com/kubeflow/pipelines/backend/src/apiserver/storage/run_store.go:490.51,499.16 2 1
github.com/kubeflow/pipelines/backend/src/apiserver/storage/run_store.go:504.2,505.16 2 1
github.com/kubeflow/pipelines/backend/src/apiserver/storage/run_store.go:510.2,510.12 1 1
github.com/kubeflow/pipelines/backend/src/apiserver/storage/run_store.go:499.16,502.3 1 0
github.com/kubeflow/pipelines/backend/src/apiserver/storage/run_store.go:505.16,508.3 1 1
github.com/kubeflow/pipelines/backend/src/apiserver/storage/run_store.go:513.53,522.16 2 1
github.com/kubeflow/pipelines/backend/src/apiserver/storage/run_store.go:527.2,528.16 2 1
github.com/kubeflow/pipelines/backend/src/apiserver/storage/run_store.go:533.2,533.12 1 1
github.com/kubeflow/pipelines/backend/src/apiserver/storage/run_store.go:522.16,525.3 1 0
github.com/kubeflow/pipelines/backend/src/apiserver/storage/run_store.go:528.16,531.3 1 1
github.com/kubeflow/pipelines/backend/src/apiserver/storage/run_store.go:536.47,538.16 2 1
github.com/kubeflow/pipelines/backend/src/apiserver/storage/run_store.go:543.2,544.16 2 1
github.com/kubeflow/pipelines/backend/src/apiserver/storage/run_store.go:547.2,548.16 2 1
github.com/kubeflow/pipelines/backend/src/apiserver/storage/run_store.go:552.2,553.16 2 1
github.com/kubeflow/pipelines/backend/src/apiserver/storage/run_store.go:557.2,558.16 2 1
github.com/kubeflow/pipelines/backend/src/apiserver/storage/run_store.go:562.2,562.12 1 1
github.com/kubeflow/pipelines/backend/src/apiserver/storage/run_store.go:538.16,541.3 1 0
github.com/kubeflow/pipelines/backend/src/apiserver/storage/run_store.go:544.16,546.3 1 1
github.com/kubeflow/pipelines/backend/src/apiserver/storage/run_store.go:548.16,551.3 2 0
github.com/kubeflow/pipelines/backend/src/apiserver/storage/run_store.go:553.16,556.3 2 0
github.com/kubeflow/pipelines/backend/src/apiserver/storage/run_store.go:558.16,561.3 2 0
github.com/kubeflow/pipelines/backend/src/apiserver/storage/run_store.go:567.70,569.16 2 1
github.com/kubeflow/pipelines/backend/src/apiserver/storage/run_store.go:573.2,582.16 2 1
github.com/kubeflow/pipelines/backend/src/apiserver/storage/run_store.go:586.2,587.16 2 1
github.com/kubeflow/pipelines/backend/src/apiserver/storage/run_store.go:594.2,594.12 1 1
github.com/kubeflow/pipelines/backend/src/apiserver/storage/run_store.go:569.16,572.3 1 0
github.com/kubeflow/pipelines/backend/src/apiserver/storage/run_store.go:582.16,585.3 1 0
github.com/kubeflow/pipelines/backend/src/apiserver/storage/run_store.go:587.16,588.33 1 1
github.com/kubeflow/pipelines/backend/src/apiserver/storage/run_store.go:592.3,592.81 1 0
github.com/kubeflow/pipelines/backend/src/apiserver/storage/run_store.go:588.33,591.4 1 1
github.com/kubeflow/pipelines/backend/src/apiserver/storage/run_store.go:597.87,599.24 2 0
github.com/kubeflow/pipelines/backend/src/apiserver/storage/run_store.go:602.2,602.15 1 0
github.com/kubeflow/pipelines/backend/src/apiserver/storage/run_store.go:599.24,601.3 1 0
github.com/kubeflow/pipelines/backend/src/apiserver/storage/run_store.go:605.81,607.24 2 0
github.com/kubeflow/pipelines/backend/src/apiserver/storage/run_store.go:610.2,610.21 1 0
github.com/kubeflow/pipelines/backend/src/apiserver/storage/run_store.go:607.24,609.3 1 0
github.com/kubeflow/pipelines/backend/src/apiserver/storage/run_store.go:614.61,620.2 1 1
github.com/kubeflow/pipelines/backend/src/apiserver/storage/run_store.go:622.53,629.16 2 1
github.com/kubeflow/pipelines/backend/src/apiserver/storage/run_store.go:634.2,634.43 1 1
github.com/kubeflow/pipelines/backend/src/apiserver/storage/run_store.go:638.2,638.12 1 1
github.com/kubeflow/pipelines/backend/src/apiserver/storage/run_store.go:629.16,632.3 1 0
github.com/kubeflow/pipelines/backend/src/apiserver/storage/run_store.go:634.43,636.3 1 1
github.com/kubeflow/pipelines/backend/src/apiserver/storage/run_store.go:644.113,646.44 2 1
github.com/kubeflow/pipelines/backend/src/apiserver/storage/run_store.go:650.2,653.120 1 1
github.com/kubeflow/pipelines/backend/src/apiserver/storage/run_store.go:646.44,648.3 1 1
